This file contains any messages produced by compilers while
running configure, to aid debugging if configure makes a mistake.

It was created by SPTK configure 3.11, which was
generated by GNU Autoconf 2.69.  Invocation command line was

  $ ./configure 

## --------- ##
## Platform. ##
## --------- ##

hostname = Martins-MacBook-Pro.local
uname -m = x86_64
uname -r = 21.6.0
uname -s = Darwin
uname -v = Darwin Kernel Version 21.6.0: Mon Aug 22 20:17:10 PDT 2022; root:xnu-8020.140.49~2/RELEASE_X86_64

/usr/bin/uname -p = i386
/bin/uname -X     = unknown

/bin/arch              = unknown
/usr/bin/arch -k       = unknown
/usr/convex/getsysinfo = unknown
/usr/bin/hostinfo      = Mach kernel version:
	 Darwin Kernel Version 21.6.0: Mon Aug 22 20:17:10 PDT 2022; root:xnu-8020.140.49~2/RELEASE_X86_64
Kernel configured for up to 8 processors.
4 processors are physically available.
4 processors are logically available.
Processor type: x86_64h (Intel x86-64h Haswell)
Processors active: 0 1 2 3 4 5 6 7
Primary memory available: 8.00 gigabytes
Default processor set: 415 tasks, 2570 threads, 8 processors
Load average: 3.06, Mach factor: 4.93
/bin/machine           = unknown
/usr/bin/oslevel       = unknown
/bin/universe          = unknown

PATH: /usr/local/bin
PATH: /usr/bin
PATH: /bin
PATH: /usr/sbin
PATH: /sbin
PATH: /Library/TeX/texbin
PATH: /Users/martinslettom/opt/anaconda3/envs/ttt4185/bin
PATH: /Users/martinslettom/opt/anaconda3/condabin
PATH: /Library/Frameworks/Python.framework/Versions/3.10/bin


## ----------- ##
## Core tests. ##
## ----------- ##

configure:2356: checking for a BSD-compatible install
configure:2424: result: /usr/bin/install -c
configure:2435: checking whether build environment is sane
configure:2490: result: yes
configure:2641: checking for a thread-safe mkdir -p
configure:2680: result: config/install-sh -c -d
configure:2687: checking for gawk
configure:2717: result: no
configure:2687: checking for mawk
configure:2717: result: no
configure:2687: checking for nawk
configure:2717: result: no
configure:2687: checking for awk
configure:2703: found /usr/bin/awk
configure:2714: result: awk
configure:2725: checking whether make sets $(MAKE)
configure:2747: result: yes
configure:2776: checking whether make supports nested variables
configure:2793: result: yes
configure:2971: checking for gcc
configure:2987: found /usr/bin/gcc
configure:2998: result: gcc
configure:3227: checking for C compiler version
configure:3236: gcc --version >&5
Apple clang version 12.0.0 (clang-1200.0.32.29)
Target: x86_64-apple-darwin21.6.0
Thread model: posix
InstalledDir: /Library/Developer/CommandLineTools/usr/bin
Configured with: --prefix=/Library/Developer/CommandLineTools/usr --with-gxx-include-dir=/Library/Developer/CommandLineTools/SDKs/MacOSX.sdk/usr/include/c++/4.2.1
configure:3247: $? = 0
configure:3236: gcc -v >&5
Configured with: --prefix=/Library/Developer/CommandLineTools/usr --with-gxx-include-dir=/Library/Developer/CommandLineTools/SDKs/MacOSX.sdk/usr/include/c++/4.2.1
Apple clang version 12.0.0 (clang-1200.0.32.29)
Target: x86_64-apple-darwin21.6.0
Thread model: posix
InstalledDir: /Library/Developer/CommandLineTools/usr/bin
configure:3247: $? = 0
configure:3236: gcc -V >&5
clang: error: argument to '-V' is missing (expected 1 value)
clang: error: no input files
configure:3247: $? = 1
configure:3236: gcc -qversion >&5
clang: error: unknown argument '-qversion'; did you mean '--version'?
clang: error: no input files
configure:3247: $? = 1
configure:3267: checking whether the C compiler works
configure:3289: gcc    conftest.c  >&5
configure:3293: $? = 0
configure:3341: result: yes
configure:3344: checking for C compiler default output file name
configure:3346: result: a.out
configure:3352: checking for suffix of executables
configure:3359: gcc -o conftest    conftest.c  >&5
configure:3363: $? = 0
configure:3385: result: 
configure:3407: checking whether we are cross compiling
configure:3415: gcc -o conftest    conftest.c  >&5
configure:3419: $? = 0
configure:3426: ./conftest
configure:3430: $? = 0
configure:3445: result: no
configure:3450: checking for suffix of object files
configure:3472: gcc -c   conftest.c >&5
configure:3476: $? = 0
configure:3497: result: o
configure:3501: checking whether we are using the GNU C compiler
configure:3520: gcc -c   conftest.c >&5
configure:3520: $? = 0
configure:3529: result: yes
configure:3538: checking whether gcc accepts -g
configure:3558: gcc -c -g  conftest.c >&5
configure:3558: $? = 0
configure:3599: result: yes
configure:3616: checking for gcc option to accept ISO C89
configure:3679: gcc  -c -g -O2  conftest.c >&5
configure:3679: $? = 0
configure:3692: result: none needed
configure:3717: checking whether gcc understands -c and -o together
configure:3739: gcc -c conftest.c -o conftest2.o
configure:3742: $? = 0
configure:3739: gcc -c conftest.c -o conftest2.o
configure:3742: $? = 0
configure:3754: result: yes
configure:3782: checking for style of include used by make
configure:3810: result: GNU
configure:3836: checking dependency style of gcc
configure:3947: result: gcc3
configure:4021: checking for g++
configure:4037: found /usr/bin/g++
configure:4048: result: g++
configure:4075: checking for C++ compiler version
configure:4084: g++ --version >&5
Apple clang version 12.0.0 (clang-1200.0.32.29)
Target: x86_64-apple-darwin21.6.0
Thread model: posix
InstalledDir: /Library/Developer/CommandLineTools/usr/bin
Configured with: --prefix=/Library/Developer/CommandLineTools/usr --with-gxx-include-dir=/Library/Developer/CommandLineTools/SDKs/MacOSX.sdk/usr/include/c++/4.2.1
configure:4095: $? = 0
configure:4084: g++ -v >&5
Configured with: --prefix=/Library/Developer/CommandLineTools/usr --with-gxx-include-dir=/Library/Developer/CommandLineTools/SDKs/MacOSX.sdk/usr/include/c++/4.2.1
Apple clang version 12.0.0 (clang-1200.0.32.29)
Target: x86_64-apple-darwin21.6.0
Thread model: posix
InstalledDir: /Library/Developer/CommandLineTools/usr/bin
configure:4095: $? = 0
configure:4084: g++ -V >&5
clang: error: argument to '-V' is missing (expected 1 value)
clang: error: no input files
configure:4095: $? = 1
configure:4084: g++ -qversion >&5
clang: error: unknown argument '-qversion'; did you mean '--version'?
clang: error: no input files
configure:4095: $? = 1
configure:4099: checking whether we are using the GNU C++ compiler
configure:4118: g++ -c   conftest.cpp >&5
configure:4118: $? = 0
configure:4127: result: yes
configure:4136: checking whether g++ accepts -g
configure:4156: g++ -c -g  conftest.cpp >&5
configure:4156: $? = 0
configure:4197: result: yes
configure:4222: checking dependency style of g++
configure:4333: result: gcc3
configure:4349: checking whether ln -s works
configure:4353: result: yes
configure:4403: checking for ranlib
configure:4419: found /usr/bin/ranlib
configure:4430: result: ranlib
configure:4498: checking for ar
configure:4514: found /usr/bin/ar
configure:4525: result: ar
configure:4549: checking for csh
configure:4567: found /bin/csh
configure:4580: result: /bin/csh
configure:4594: checking for log in -lm
configure:4619: gcc -o conftest -g -O2   conftest.c -lm   >&5
conftest.c:18:6: warning: incompatible redeclaration of library function 'log' [-Wincompatible-library-redeclaration]
char log ();
     ^
conftest.c:18:6: note: 'log' is a builtin with type 'double (double)'
1 warning generated.
configure:4619: $? = 0
configure:4628: result: yes
configure:4648: checking how to run the C preprocessor
configure:4679: gcc -E  conftest.c
configure:4679: $? = 0
configure:4693: gcc -E  conftest.c
conftest.c:12:10: fatal error: 'ac_nonexistent.h' file not found
#include <ac_nonexistent.h>
         ^~~~~~~~~~~~~~~~~~
1 error generated.
configure:4693: $? = 1
configure: failed program was:
| /* confdefs.h */
| #define PACKAGE_NAME "SPTK"
| #define PACKAGE_TARNAME "SPTK"
| #define PACKAGE_VERSION "3.11"
| #define PACKAGE_STRING "SPTK 3.11"
| #define PACKAGE_BUGREPORT "http://sourceforge.net/projects/sp-tk/"
| #define PACKAGE_URL ""
| #define PACKAGE "SPTK"
| #define VERSION "3.11"
| #define HAVE_LIBM 1
| /* end confdefs.h.  */
| #include <ac_nonexistent.h>
configure:4718: result: gcc -E
configure:4738: gcc -E  conftest.c
configure:4738: $? = 0
configure:4752: gcc -E  conftest.c
conftest.c:12:10: fatal error: 'ac_nonexistent.h' file not found
#include <ac_nonexistent.h>
         ^~~~~~~~~~~~~~~~~~
1 error generated.
configure:4752: $? = 1
configure: failed program was:
| /* confdefs.h */
| #define PACKAGE_NAME "SPTK"
| #define PACKAGE_TARNAME "SPTK"
| #define PACKAGE_VERSION "3.11"
| #define PACKAGE_STRING "SPTK 3.11"
| #define PACKAGE_BUGREPORT "http://sourceforge.net/projects/sp-tk/"
| #define PACKAGE_URL ""
| #define PACKAGE "SPTK"
| #define VERSION "3.11"
| #define HAVE_LIBM 1
| /* end confdefs.h.  */
| #include <ac_nonexistent.h>
configure:4781: checking for X
configure:4889: gcc -E  conftest.c
conftest.c:12:10: fatal error: 'X11/Xlib.h' file not found
#include <X11/Xlib.h>
         ^~~~~~~~~~~~
1 error generated.
configure:4889: $? = 1
configure: failed program was:
| /* confdefs.h */
| #define PACKAGE_NAME "SPTK"
| #define PACKAGE_TARNAME "SPTK"
| #define PACKAGE_VERSION "3.11"
| #define PACKAGE_STRING "SPTK 3.11"
| #define PACKAGE_BUGREPORT "http://sourceforge.net/projects/sp-tk/"
| #define PACKAGE_URL ""
| #define PACKAGE "SPTK"
| #define VERSION "3.11"
| #define HAVE_LIBM 1
| /* end confdefs.h.  */
| #include <X11/Xlib.h>
configure:4920: gcc -o conftest -g -O2   conftest.c -lX11 -lm  >&5
conftest.c:12:10: fatal error: 'X11/Xlib.h' file not found
#include <X11/Xlib.h>
         ^~~~~~~~~~~~
1 error generated.
configure:4920: $? = 1
configure: failed program was:
| /* confdefs.h */
| #define PACKAGE_NAME "SPTK"
| #define PACKAGE_TARNAME "SPTK"
| #define PACKAGE_VERSION "3.11"
| #define PACKAGE_STRING "SPTK 3.11"
| #define PACKAGE_BUGREPORT "http://sourceforge.net/projects/sp-tk/"
| #define PACKAGE_URL ""
| #define PACKAGE "SPTK"
| #define VERSION "3.11"
| #define HAVE_LIBM 1
| /* end confdefs.h.  */
| #include <X11/Xlib.h>
| int
| main ()
| {
| XrmInitialize ()
|   ;
|   return 0;
| }
configure:4959: result: no
configure:5486: checking for grep that handles long lines and -e
configure:5544: result: /usr/bin/grep
configure:5549: checking for egrep
configure:5611: result: /usr/bin/grep -E
configure:5616: checking for ANSI C header files
configure:5636: gcc -c -g -O2  conftest.c >&5
configure:5636: $? = 0
configure:5709: gcc -o conftest -g -O2   conftest.c -lm  >&5
configure:5709: $? = 0
configure:5709: ./conftest
configure:5709: $? = 0
configure:5720: result: yes
configure:5733: checking for sys/types.h
configure:5733: gcc -c -g -O2  conftest.c >&5
configure:5733: $? = 0
configure:5733: result: yes
configure:5733: checking for sys/stat.h
configure:5733: gcc -c -g -O2  conftest.c >&5
configure:5733: $? = 0
configure:5733: result: yes
configure:5733: checking for stdlib.h
configure:5733: gcc -c -g -O2  conftest.c >&5
configure:5733: $? = 0
configure:5733: result: yes
configure:5733: checking for string.h
configure:5733: gcc -c -g -O2  conftest.c >&5
configure:5733: $? = 0
configure:5733: result: yes
configure:5733: checking for memory.h
configure:5733: gcc -c -g -O2  conftest.c >&5
configure:5733: $? = 0
configure:5733: result: yes
configure:5733: checking for strings.h
configure:5733: gcc -c -g -O2  conftest.c >&5
configure:5733: $? = 0
configure:5733: result: yes
configure:5733: checking for inttypes.h
configure:5733: gcc -c -g -O2  conftest.c >&5
configure:5733: $? = 0
configure:5733: result: yes
configure:5733: checking for stdint.h
configure:5733: gcc -c -g -O2  conftest.c >&5
configure:5733: $? = 0
configure:5733: result: yes
configure:5733: checking for unistd.h
configure:5733: gcc -c -g -O2  conftest.c >&5
configure:5733: $? = 0
configure:5733: result: yes
configure:5748: checking fcntl.h usability
configure:5748: gcc -c -g -O2  conftest.c >&5
configure:5748: $? = 0
configure:5748: result: yes
configure:5748: checking fcntl.h presence
configure:5748: gcc -E  conftest.c
configure:5748: $? = 0
configure:5748: result: yes
configure:5748: checking for fcntl.h
configure:5748: result: yes
configure:5748: checking limits.h usability
configure:5748: gcc -c -g -O2  conftest.c >&5
configure:5748: $? = 0
configure:5748: result: yes
configure:5748: checking limits.h presence
configure:5748: gcc -E  conftest.c
configure:5748: $? = 0
configure:5748: result: yes
configure:5748: checking for limits.h
configure:5748: result: yes
configure:5748: checking for stdlib.h
configure:5748: result: yes
configure:5748: checking for string.h
configure:5748: result: yes
configure:5748: checking for strings.h
configure:5748: result: yes
configure:5748: checking sys/ioctl.h usability
configure:5748: gcc -c -g -O2  conftest.c >&5
configure:5748: $? = 0
configure:5748: result: yes
configure:5748: checking sys/ioctl.h presence
configure:5748: gcc -E  conftest.c
configure:5748: $? = 0
configure:5748: result: yes
configure:5748: checking for sys/ioctl.h
configure:5748: result: yes
configure:5761: checking for an ANSI C-conforming const
configure:5827: gcc -c -g -O2  conftest.c >&5
configure:5827: $? = 0
configure:5834: result: yes
configure:5842: checking for size_t
configure:5842: gcc -c -g -O2  conftest.c >&5
configure:5842: $? = 0
configure:5842: gcc -c -g -O2  conftest.c >&5
conftest.c:65:21: error: expected expression
if (sizeof ((size_t)))
                    ^
1 error generated.
configure:5842: $? = 1
configure: failed program was:
| /* confdefs.h */
| #define PACKAGE_NAME "SPTK"
| #define PACKAGE_TARNAME "SPTK"
| #define PACKAGE_VERSION "3.11"
| #define PACKAGE_STRING "SPTK 3.11"
| #define PACKAGE_BUGREPORT "http://sourceforge.net/projects/sp-tk/"
| #define PACKAGE_URL ""
| #define PACKAGE "SPTK"
| #define VERSION "3.11"
| #define HAVE_LIBM 1
| #define X_DISPLAY_MISSING 1
| #define STDC_HEADERS 1
| #define HAVE_SYS_TYPES_H 1
| #define HAVE_SYS_STAT_H 1
| #define HAVE_STDLIB_H 1
| #define HAVE_STRING_H 1
| #define HAVE_MEMORY_H 1
| #define HAVE_STRINGS_H 1
| #define HAVE_INTTYPES_H 1
| #define HAVE_STDINT_H 1
| #define HAVE_UNISTD_H 1
| #define HAVE_FCNTL_H 1
| #define HAVE_LIMITS_H 1
| #define HAVE_STDLIB_H 1
| #define HAVE_STRING_H 1
| #define HAVE_STRINGS_H 1
| #define HAVE_SYS_IOCTL_H 1
| /* end confdefs.h.  */
| #include <stdio.h>
| #ifdef HAVE_SYS_TYPES_H
| # include <sys/types.h>
| #endif
| #ifdef HAVE_SYS_STAT_H
| # include <sys/stat.h>
| #endif
| #ifdef STDC_HEADERS
| # include <stdlib.h>
| # include <stddef.h>
| #else
| # ifdef HAVE_STDLIB_H
| #  include <stdlib.h>
| # endif
| #endif
| #ifdef HAVE_STRING_H
| # if !defined STDC_HEADERS && defined HAVE_MEMORY_H
| #  include <memory.h>
| # endif
| # include <string.h>
| #endif
| #ifdef HAVE_STRINGS_H
| # include <strings.h>
| #endif
| #ifdef HAVE_INTTYPES_H
| # include <inttypes.h>
| #endif
| #ifdef HAVE_STDINT_H
| # include <stdint.h>
| #endif
| #ifdef HAVE_UNISTD_H
| # include <unistd.h>
| #endif
| int
| main ()
| {
| if (sizeof ((size_t)))
| 	    return 0;
|   ;
|   return 0;
| }
configure:5842: result: yes
configure:5859: checking build system type
configure:5873: result: x86_64-apple-darwin21.6.0
configure:5893: checking host system type
configure:5906: result: x86_64-apple-darwin21.6.0
configure:5929: checking whether gcc needs -traditional
conftest.c:29:10: fatal error: 'termio.h' file not found
#include <termio.h>
         ^~~~~~~~~~
1 error generated.
configure:5963: result: no
configure:5972: checking for stdlib.h
configure:5972: result: yes
configure:5982: checking for GNU libc compatible malloc
configure:6006: gcc -o conftest -g -O2   conftest.c -lm  >&5
configure:6006: $? = 0
configure:6006: ./conftest
configure:6006: $? = 0
configure:6016: result: yes
configure:6037: checking for working strtod
configure:6078: gcc -o conftest -g -O2   conftest.c -lm  >&5
configure:6078: $? = 0
configure:6078: ./conftest
configure:6078: $? = 0
configure:6088: result: yes
configure:6150: checking for pow
configure:6150: gcc -o conftest -g -O2   conftest.c -lm  >&5
conftest.c:54:6: warning: incompatible redeclaration of library function 'pow' [-Wincompatible-library-redeclaration]
char pow ();
     ^
conftest.c:54:6: note: 'pow' is a builtin with type 'double (double, double)'
1 warning generated.
configure:6150: $? = 0
configure:6150: result: yes
configure:6157: checking for sqrt
configure:6157: gcc -o conftest -g -O2   conftest.c -lm  >&5
conftest.c:54:6: warning: incompatible redeclaration of library function 'sqrt' [-Wincompatible-library-redeclaration]
char sqrt ();
     ^
conftest.c:54:6: note: 'sqrt' is a builtin with type 'double (double)'
1 warning generated.
configure:6157: $? = 0
configure:6157: result: yes
configure:6170: checking for bzero
configure:6170: gcc -o conftest -g -O2   conftest.c -lm  >&5
conftest.c:54:6: warning: incompatible redeclaration of library function 'bzero' [-Wincompatible-library-redeclaration]
char bzero ();
     ^
conftest.c:54:6: note: 'bzero' is a builtin with type 'void (void *, unsigned long)'
1 warning generated.
configure:6170: $? = 0
configure:6170: result: yes
configure:6170: checking for memset
configure:6170: gcc -o conftest -g -O2   conftest.c -lm  >&5
conftest.c:55:6: warning: incompatible redeclaration of library function 'memset' [-Wincompatible-library-redeclaration]
char memset ();
     ^
conftest.c:55:6: note: 'memset' is a builtin with type 'void *(void *, int, unsigned long)'
1 warning generated.
configure:6170: $? = 0
configure:6170: result: yes
configure:6182: checking for strrchr
configure:6182: gcc -o conftest -g -O2   conftest.c -lm  >&5
conftest.c:56:6: warning: incompatible redeclaration of library function 'strrchr' [-Wincompatible-library-redeclaration]
char strrchr ();
     ^
conftest.c:56:6: note: 'strrchr' is a builtin with type 'char *(const char *, int)'
1 warning generated.
configure:6182: $? = 0
configure:6182: result: yes
configure:6182: checking for rindex
configure:6182: gcc -o conftest -g -O2   conftest.c -lm  >&5
conftest.c:57:6: warning: incompatible redeclaration of library function 'rindex' [-Wincompatible-library-redeclaration]
char rindex ();
     ^
conftest.c:57:6: note: 'rindex' is a builtin with type 'char *(const char *, int)'
1 warning generated.
configure:6182: $? = 0
configure:6182: result: yes
configure:6237: checking audio device
configure:6388: WARNING: not found
configure:6567: checking that generated files are newer than configure
configure:6573: result: done
configure:6636: creating ./config.status

## ---------------------- ##
## Running config.status. ##
## ---------------------- ##

This file was extended by SPTK config.status 3.11, which was
generated by GNU Autoconf 2.69.  Invocation command line was

  CONFIG_FILES    = 
  CONFIG_HEADERS  = 
  CONFIG_LINKS    = 
  CONFIG_COMMANDS = 
  $ ./config.status 

on Martins-MacBook-Pro.local

config.status:937: creating Makefile
config.status:937: creating bin/Makefile
config.status:937: creating bin/acep/Makefile
config.status:937: creating bin/acorr/Makefile
config.status:937: creating bin/acr2csm/Makefile
config.status:937: creating bin/agcep/Makefile
config.status:937: creating bin/amcep/Makefile
config.status:937: creating bin/average/Makefile
config.status:937: creating bin/b2mc/Makefile
config.status:937: creating bin/bcp/Makefile
config.status:937: creating bin/bcut/Makefile
config.status:937: creating bin/c2acr/Makefile
config.status:937: creating bin/c2ir/Makefile
config.status:937: creating bin/c2ndps/Makefile
config.status:937: creating bin/c2sp/Makefile
config.status:937: creating bin/cat2/Makefile
config.status:937: creating bin/cdist/Makefile
config.status:937: creating bin/clip/Makefile
config.status:937: creating bin/csm2acr/Makefile
config.status:937: creating bin/da/Makefile
config.status:937: creating bin/dct/Makefile
config.status:937: creating bin/decimate/Makefile
config.status:937: creating bin/delay/Makefile
config.status:937: creating bin/delta/Makefile
config.status:937: creating bin/df2/Makefile
config.status:937: creating bin/dfs/Makefile
config.status:937: creating bin/dmp/Makefile
config.status:937: creating bin/ds/Makefile
config.status:937: creating bin/dtw/Makefile
config.status:937: creating bin/echo2/Makefile
config.status:937: creating bin/excite/Makefile
config.status:937: creating bin/extract/Makefile
config.status:937: creating bin/fd/Makefile
config.status:937: creating bin/fft/Makefile
config.status:937: creating bin/fft2/Makefile
config.status:937: creating bin/fftcep/Makefile
config.status:937: creating bin/fftr/Makefile
config.status:937: creating bin/fftr2/Makefile
config.status:937: creating bin/fig+fdrw/Makefile
config.status:937: creating bin/frame/Makefile
config.status:937: creating bin/freqt/Makefile
config.status:937: creating bin/gc2gc/Makefile
config.status:937: creating bin/gcep/Makefile
config.status:937: creating bin/glsadf/Makefile
config.status:937: creating bin/gmm/Makefile
config.status:937: creating bin/gnorm/Makefile
config.status:937: creating bin/grpdelay/Makefile
config.status:937: creating bin/histogram/Makefile
config.status:937: creating bin/idct/Makefile
config.status:937: creating bin/ifft/Makefile
config.status:937: creating bin/ifftr/Makefile
config.status:937: creating bin/ifft2/Makefile
config.status:937: creating bin/ignorm/Makefile
config.status:937: creating bin/impulse/Makefile
config.status:937: creating bin/imsvq/Makefile
config.status:937: creating bin/interpolate/Makefile
config.status:937: creating bin/ivq/Makefile
config.status:937: creating bin/lbg/Makefile
config.status:937: creating bin/levdur/Makefile
config.status:937: creating bin/linear_intpl/Makefile
config.status:937: creating bin/lmadf/Makefile
config.status:937: creating bin/lpc/Makefile
config.status:937: creating bin/lpc2c/Makefile
config.status:937: creating bin/lpc2lsp/Makefile
config.status:937: creating bin/lpc2par/Makefile
config.status:937: creating bin/lsp2lpc/Makefile
config.status:937: creating bin/lsp2sp/Makefile
config.status:937: creating bin/lspcheck/Makefile
config.status:937: creating bin/lspdf/Makefile
config.status:937: creating bin/ltcdf/Makefile
config.status:937: creating bin/mc2b/Makefile
config.status:937: creating bin/mcep/Makefile
config.status:937: creating bin/merge/Makefile
config.status:937: creating bin/mfcc/Makefile
config.status:937: creating bin/mgc2mgc/Makefile
config.status:937: creating bin/mgc2sp/Makefile
config.status:937: creating bin/mgclsp2sp/Makefile
config.status:937: creating bin/mgcep/Makefile
config.status:937: creating bin/mglsadf/Makefile
config.status:937: creating bin/minmax/Makefile
config.status:937: creating bin/mlpg/Makefile
config.status:937: creating bin/mlsacheck/Makefile
config.status:937: creating bin/mlsadf/Makefile
config.status:937: creating bin/msvq/Makefile
config.status:937: creating bin/nan/Makefile
config.status:937: creating bin/ndps2c/Makefile
config.status:937: creating bin/norm0/Makefile
config.status:937: creating bin/nrand/Makefile
config.status:937: creating bin/par2lpc/Makefile
config.status:937: creating bin/pca/Makefile
config.status:937: creating bin/phase/Makefile
config.status:937: creating bin/pitch/Makefile
config.status:937: creating bin/pitch_mark/Makefile
config.status:937: creating bin/poledf/Makefile
config.status:937: creating bin/psgr/Makefile
config.status:937: creating bin/ramp/Makefile
config.status:937: creating bin/rawtowav/Makefile
config.status:937: creating bin/reverse/Makefile
config.status:937: creating bin/rlevdur/Makefile
config.status:937: creating bin/rmse/Makefile
config.status:937: creating bin/root_pol/Makefile
config.status:937: creating bin/sin/Makefile
config.status:937: creating bin/smcep/Makefile
config.status:937: creating bin/snr/Makefile
config.status:937: creating bin/sopr/Makefile
config.status:937: creating bin/spec/Makefile
config.status:937: creating bin/step/Makefile
config.status:937: creating bin/swab/Makefile
config.status:937: creating bin/symmetrize/Makefile
config.status:937: creating bin/train/Makefile
config.status:937: creating bin/transpose/Makefile
config.status:937: creating bin/uels/Makefile
config.status:937: creating bin/ulaw/Makefile
config.status:937: creating bin/us/Makefile
config.status:937: creating bin/vc/Makefile
config.status:937: creating bin/vopr/Makefile
config.status:937: creating bin/vq/Makefile
config.status:937: creating bin/vstat/Makefile
config.status:937: creating bin/vsum/Makefile
config.status:937: creating bin/wavjoin/Makefile
config.status:937: creating bin/wavsplit/Makefile
config.status:937: creating bin/window/Makefile
config.status:937: creating bin/x2x/Makefile
config.status:937: creating bin/xgr/Makefile
config.status:937: creating bin/zcross/Makefile
config.status:937: creating bin/zerodf/Makefile
config.status:937: creating include/Makefile
config.status:937: creating lib/Makefile
config.status:937: creating script/Makefile
config.status:1109: executing depfiles commands

## ---------------- ##
## Cache variables. ##
## ---------------- ##

ac_cv_build=x86_64-apple-darwin21.6.0
ac_cv_c_compiler_gnu=yes
ac_cv_c_const=yes
ac_cv_cxx_compiler_gnu=yes
ac_cv_env_CCC_set=
ac_cv_env_CCC_value=
ac_cv_env_CC_set=
ac_cv_env_CC_value=
ac_cv_env_CFLAGS_set=
ac_cv_env_CFLAGS_value=
ac_cv_env_CPPFLAGS_set=
ac_cv_env_CPPFLAGS_value=
ac_cv_env_CPP_set=
ac_cv_env_CPP_value=
ac_cv_env_CXXFLAGS_set=
ac_cv_env_CXXFLAGS_value=
ac_cv_env_CXX_set=
ac_cv_env_CXX_value=
ac_cv_env_LDFLAGS_set=
ac_cv_env_LDFLAGS_value=
ac_cv_env_LIBS_set=
ac_cv_env_LIBS_value=
ac_cv_env_XMKMF_set=
ac_cv_env_XMKMF_value=
ac_cv_env_build_alias_set=
ac_cv_env_build_alias_value=
ac_cv_env_host_alias_set=
ac_cv_env_host_alias_value=
ac_cv_env_target_alias_set=
ac_cv_env_target_alias_value=
ac_cv_func_bzero=yes
ac_cv_func_malloc_0_nonnull=yes
ac_cv_func_memset=yes
ac_cv_func_pow=yes
ac_cv_func_rindex=yes
ac_cv_func_sqrt=yes
ac_cv_func_strrchr=yes
ac_cv_func_strtod=yes
ac_cv_have_x=have_x=no
ac_cv_header_fcntl_h=yes
ac_cv_header_inttypes_h=yes
ac_cv_header_limits_h=yes
ac_cv_header_memory_h=yes
ac_cv_header_stdc=yes
ac_cv_header_stdint_h=yes
ac_cv_header_stdlib_h=yes
ac_cv_header_string_h=yes
ac_cv_header_strings_h=yes
ac_cv_header_sys_ioctl_h=yes
ac_cv_header_sys_stat_h=yes
ac_cv_header_sys_types_h=yes
ac_cv_header_unistd_h=yes
ac_cv_host=x86_64-apple-darwin21.6.0
ac_cv_lib_m_log=yes
ac_cv_objext=o
ac_cv_path_CSH=/bin/csh
ac_cv_path_EGREP='/usr/bin/grep -E'
ac_cv_path_GREP=/usr/bin/grep
ac_cv_path_install='/usr/bin/install -c'
ac_cv_prog_AWK=awk
ac_cv_prog_CPP='gcc -E'
ac_cv_prog_ac_ct_AR=ar
ac_cv_prog_ac_ct_CC=gcc
ac_cv_prog_ac_ct_CXX=g++
ac_cv_prog_ac_ct_RANLIB=ranlib
ac_cv_prog_cc_c89=
ac_cv_prog_cc_g=yes
ac_cv_prog_cxx_g=yes
ac_cv_prog_gcc_traditional=no
ac_cv_prog_make_make_set=yes
ac_cv_type_size_t=yes
am_cv_CC_dependencies_compiler_type=gcc3
am_cv_CXX_dependencies_compiler_type=gcc3
am_cv_make_support_nested_variables=yes
am_cv_prog_cc_c_o=yes

## ----------------- ##
## Output variables. ##
## ----------------- ##

ACLOCAL='${SHELL} /Users/martinslettom/Desktop/TTT4185/Assignments/Assignment_1/SPTK-3.11/config/missing aclocal-1.15'
AMDEPBACKSLASH='\'
AMDEP_FALSE='#'
AMDEP_TRUE=''
AMTAR='$${TAR-tar}'
AM_BACKSLASH='\'
AM_DEFAULT_V='$(AM_DEFAULT_VERBOSITY)'
AM_DEFAULT_VERBOSITY='1'
AM_V='$(V)'
AR='ar'
AUTOCONF='${SHELL} /Users/martinslettom/Desktop/TTT4185/Assignments/Assignment_1/SPTK-3.11/config/missing autoconf'
AUTOHEADER='${SHELL} /Users/martinslettom/Desktop/TTT4185/Assignments/Assignment_1/SPTK-3.11/config/missing autoheader'
AUTOMAKE='${SHELL} /Users/martinslettom/Desktop/TTT4185/Assignments/Assignment_1/SPTK-3.11/config/missing automake-1.15'
AWK='awk'
CC='gcc'
CCDEPMODE='depmode=gcc3'
CFLAGS='-g -O2'
CPP='gcc -E'
CPPFLAGS=''
CSH='/bin/csh'
CXX='g++'
CXXDEPMODE='depmode=gcc3'
CXXFLAGS='-g -O2'
CYGPATH_W='echo'
DEFS='-DPACKAGE_NAME=\"SPTK\" -DPACKAGE_TARNAME=\"SPTK\" -DPACKAGE_VERSION=\"3.11\" -DPACKAGE_STRING=\"SPTK\ 3.11\" -DPACKAGE_BUGREPORT=\"http://sourceforge.net/projects/sp-tk/\" -DPACKAGE_URL=\"\" -DPACKAGE=\"SPTK\" -DVERSION=\"3.11\" -DHAVE_LIBM=1 -DX_DISPLAY_MISSING=1 -DSTDC_HEADERS=1 -DHAVE_SYS_TYPES_H=1 -DHAVE_SYS_STAT_H=1 -DHAVE_STDLIB_H=1 -DHAVE_STRING_H=1 -DHAVE_MEMORY_H=1 -DHAVE_STRINGS_H=1 -DHAVE_INTTYPES_H=1 -DHAVE_STDINT_H=1 -DHAVE_UNISTD_H=1 -DHAVE_FCNTL_H=1 -DHAVE_LIMITS_H=1 -DHAVE_STDLIB_H=1 -DHAVE_STRING_H=1 -DHAVE_STRINGS_H=1 -DHAVE_SYS_IOCTL_H=1 -DHAVE_STDLIB_H=1 -DHAVE_MALLOC=1 -DHAVE_BZERO=1 -DHAVE_MEMSET=1 -DHAVE_STRRCHR=1 -DHAVE_RINDEX=1 -DFORMAT=\"float\"'
DEPDIR='.deps'
ECHO_C='\c'
ECHO_N=''
ECHO_T=''
EGREP='/usr/bin/grep -E'
EXEEXT=''
GREP='/usr/bin/grep'
INSTALL_DATA='${INSTALL} -m 644'
INSTALL_PROGRAM='${INSTALL}'
INSTALL_SCRIPT='${INSTALL}'
INSTALL_STRIP_PROGRAM='$(install_sh) -c -s'
IO_FORMAT='float'
IO_SYMBOL='f'
LDFLAGS=''
LIBOBJS=''
LIBS='-lm '
LN_S='ln -s'
LTLIBOBJS=''
MAKEINFO='${SHELL} /Users/martinslettom/Desktop/TTT4185/Assignments/Assignment_1/SPTK-3.11/config/missing makeinfo'
MKDIR_P='config/install-sh -c -d'
OBJEXT='o'
PACKAGE='SPTK'
PACKAGE_BUGREPORT='http://sourceforge.net/projects/sp-tk/'
PACKAGE_NAME='SPTK'
PACKAGE_STRING='SPTK 3.11'
PACKAGE_TARNAME='SPTK'
PACKAGE_URL=''
PACKAGE_VERSION='3.11'
PATH_SEPARATOR=':'
POW_LIB=''
RANLIB='ranlib'
SET_MAKE=''
SHELL='/bin/sh'
STRIP=''
USEDA_FALSE=''
USEDA_TRUE='#'
USEXGR_FALSE=''
USEXGR_TRUE='#'
VERSION='3.11'
XMKMF=''
X_CFLAGS=''
X_EXTRA_LIBS=''
X_LIBS=''
X_PRE_LIBS=''
ac_ct_CC='gcc'
ac_ct_CXX='g++'
am__EXEEXT_FALSE=''
am__EXEEXT_TRUE='#'
am__fastdepCC_FALSE='#'
am__fastdepCC_TRUE=''
am__fastdepCXX_FALSE='#'
am__fastdepCXX_TRUE=''
am__include='include'
am__isrc=''
am__leading_dot='.'
am__nodep='_no'
am__quote=''
am__tar='$${TAR-tar} chof - "$$tardir"'
am__untar='$${TAR-tar} xf -'
bindir='${exec_prefix}/bin'
build='x86_64-apple-darwin21.6.0'
build_alias=''
build_cpu='x86_64'
build_os='darwin21.6.0'
build_vendor='apple'
datadir='${datarootdir}'
datarootdir='${prefix}/share'
docdir='${datarootdir}/doc/${PACKAGE_TARNAME}'
dvidir='${docdir}'
exec_prefix='${prefix}'
host='x86_64-apple-darwin21.6.0'
host_alias=''
host_cpu='x86_64'
host_os='darwin21.6.0'
host_vendor='apple'
htmldir='${docdir}'
includedir='${prefix}/include'
infodir='${datarootdir}/info'
install_sh='${SHELL} /Users/martinslettom/Desktop/TTT4185/Assignments/Assignment_1/SPTK-3.11/config/install-sh'
libdir='${exec_prefix}/lib'
libexecdir='${exec_prefix}/libexec'
localedir='${datarootdir}/locale'
localstatedir='${prefix}/var'
mandir='${datarootdir}/man'
mkdir_p='$(MKDIR_P)'
oldincludedir='/usr/include'
pdfdir='${docdir}'
prefix='/usr/local'
program_transform_name='s,x,x,'
psdir='${docdir}'
runstatedir='${localstatedir}/run'
sbindir='${exec_prefix}/sbin'
sharedstatedir='${prefix}/com'
sysconfdir='${prefix}/etc'
target_alias=''

## ----------- ##
## confdefs.h. ##
## ----------- ##

/* confdefs.h */
#define PACKAGE_NAME "SPTK"
#define PACKAGE_TARNAME "SPTK"
#define PACKAGE_VERSION "3.11"
#define PACKAGE_STRING "SPTK 3.11"
#define PACKAGE_BUGREPORT "http://sourceforge.net/projects/sp-tk/"
#define PACKAGE_URL ""
#define PACKAGE "SPTK"
#define VERSION "3.11"
#define HAVE_LIBM 1
#define X_DISPLAY_MISSING 1
#define STDC_HEADERS 1
#define HAVE_SYS_TYPES_H 1
#define HAVE_SYS_STAT_H 1
#define HAVE_STDLIB_H 1
#define HAVE_STRING_H 1
#define HAVE_MEMORY_H 1
#define HAVE_STRINGS_H 1
#define HAVE_INTTYPES_H 1
#define HAVE_STDINT_H 1
#define HAVE_UNISTD_H 1
#define HAVE_FCNTL_H 1
#define HAVE_LIMITS_H 1
#define HAVE_STDLIB_H 1
#define HAVE_STRING_H 1
#define HAVE_STRINGS_H 1
#define HAVE_SYS_IOCTL_H 1
#define HAVE_STDLIB_H 1
#define HAVE_MALLOC 1
#define HAVE_BZERO 1
#define HAVE_MEMSET 1
#define HAVE_STRRCHR 1
#define HAVE_RINDEX 1
#define FORMAT "float"

configure: exit 0
